c:\users\admin\documents\ilisi2\poo avance\tets1\tets1\x64\debug\vc143.pdb
c:\users\admin\documents\ilisi2\poo avance\tets1\tets1\x64\debug\vc143.idb
c:\users\admin\documents\ilisi2\poo avance\tets1\tets1\x64\debug\pile.obj
c:\users\admin\documents\ilisi2\poo avance\tets1\tets1\x64\debug\tets1.obj
c:\users\admin\documents\ilisi2\poo avance\tets1\tets1\x64\debug\tets1.ilk
c:\users\admin\documents\ilisi2\poo avance\tets1\x64\debug\tets1.pdb
c:\users\admin\documents\ilisi2\poo avance\tets1\tets1\x64\debug\tets1.tlog\cl.command.1.tlog
c:\users\admin\documents\ilisi2\poo avance\tets1\tets1\x64\debug\tets1.tlog\cl.items.tlog
c:\users\admin\documents\ilisi2\poo avance\tets1\tets1\x64\debug\tets1.tlog\cl.read.1.tlog
c:\users\admin\documents\ilisi2\poo avance\tets1\tets1\x64\debug\tets1.tlog\cl.write.1.tlog
c:\users\admin\documents\ilisi2\poo avance\tets1\tets1\x64\debug\tets1.tlog\link-cvtres.read.1.tlog
c:\users\admin\documents\ilisi2\poo avance\tets1\tets1\x64\debug\tets1.tlog\link-cvtres.write.1.tlog
c:\users\admin\documents\ilisi2\poo avance\tets1\tets1\x64\debug\tets1.tlog\link-rc.read.1.tlog
c:\users\admin\documents\ilisi2\poo avance\tets1\tets1\x64\debug\tets1.tlog\link-rc.write.1.tlog
c:\users\admin\documents\ilisi2\poo avance\tets1\tets1\x64\debug\tets1.tlog\link.14540-cvtres.read.1.tlog
c:\users\admin\documents\ilisi2\poo avance\tets1\tets1\x64\debug\tets1.tlog\link.14540-cvtres.write.1.tlog
c:\users\admin\documents\ilisi2\poo avance\tets1\tets1\x64\debug\tets1.tlog\link.14540-rc.read.1.tlog
c:\users\admin\documents\ilisi2\poo avance\tets1\tets1\x64\debug\tets1.tlog\link.14540-rc.write.1.tlog
c:\users\admin\documents\ilisi2\poo avance\tets1\tets1\x64\debug\tets1.tlog\link.14540.read.1.tlog
c:\users\admin\documents\ilisi2\poo avance\tets1\tets1\x64\debug\tets1.tlog\link.14540.read.2.tlog
c:\users\admin\documents\ilisi2\poo avance\tets1\tets1\x64\debug\tets1.tlog\link.14540.write.1.tlog
c:\users\admin\documents\ilisi2\poo avance\tets1\tets1\x64\debug\tets1.tlog\link.command.1.tlog
c:\users\admin\documents\ilisi2\poo avance\tets1\tets1\x64\debug\tets1.tlog\link.read.1.tlog
c:\users\admin\documents\ilisi2\poo avance\tets1\tets1\x64\debug\tets1.tlog\link.read.2.tlog
c:\users\admin\documents\ilisi2\poo avance\tets1\tets1\x64\debug\tets1.tlog\link.secondary.1.tlog
c:\users\admin\documents\ilisi2\poo avance\tets1\tets1\x64\debug\tets1.tlog\link.write.1.tlog
